<?xml version="1.0" encoding="UTF-8"?>
<!-- Generated by org.testng.reporters.JUnitReportReporter -->
<testsuite hostname="HQSWL-C027727" name="TESTNG.TESTNGFRAMEWORK.DataDriven" tests="1" failures="0" timestamp="1 Dec 2017 21:31:17 GMT" time="21.060" errors="0">
  <testcase name="MyTest" time="21.060" classname="TESTNG.TESTNGFRAMEWORK.DataDriven"/>
</testsuite> <!-- TESTNG.TESTNGFRAMEWORK.DataDriven -->
